<?xml version="1.0" encoding="UTF-8"?>
<testsuite xmlns:xsi="http://www.w3.org/2001/XMLSchema-instance" xsi:noNamespaceSchemaLocation="https://maven.apache.org/surefire/maven-surefire-plugin/xsd/surefire-test-report.xsd" name="Runner.TestRunner" time="240.656" tests="12" errors="0" skipped="0" failures="0">
  <properties>
[...]
</properties>
  <testcase name="user register with valid data" classname="the user should be able to register successfully" time="22.741"/>
  <testcase name="user login with valid username and password" classname="the user should be able to login successfully" time="13.815"/>
  <testcase name="user could reset password successfully" classname="User could reset his/her password successfully" time="11.339"/>
  <testcase name="Logged User could search for any product" classname="Logged User could search for any product" time="15.293"/>
  <testcase name="Logged User could switch between currencies US-Euro" classname="Logged User could switch between currencies US-Euro" time="14.844"/>
  <testcase name="Logged user could select different Categories" classname="Logged user could select different Categories" time="14.623"/>
  <testcase name="Logged user could filter with color" classname="Logged user could filter with color" time="19.393"/>
  <testcase name="Logged user could select different tags" classname="Logged user could select different tags" time="13.654"/>
  <testcase name="Logged user could add different products to Shopping cart" classname="Logged user could add different products to Shopping cart" time="26.724"/>
  <testcase name="Logged user could add different products to Wishlist" classname="Logged user could add different products to Wishlist" time="24.737"/>
  <testcase name="Logged user could add different products to compare list" classname="Logged user could add different products to compare list" time="26.022"/>
  <testcase name="Create successful Order" classname="Create successful Order" time="32.759"/>
</testsuite>